proteome_01.fasta.out ,  0 , 4
proteome_02.fasta.out ,  0 , 2
proteome_03.fasta.out ,  1 , 3
proteome_04.fasta.out ,  0 , 4
proteome_05.fasta.out ,  1 , 2
proteome_06.fasta.out ,  0 , 0
proteome_07.fasta.out ,  1 , 2
proteome_08.fasta.out ,  0 , 5
proteome_09.fasta.out ,  0 , 1
proteome_10.fasta.out ,  0 , 3
proteome_11.fasta.out ,  0 , 6
proteome_12.fasta.out ,  0 , 6
proteome_13.fasta.out ,  0 , 3
proteome_14.fasta.out ,  0 , 1
proteome_15.fasta.out ,  1 , 1
proteome_16.fasta.out ,  1 , 1
proteome_17.fasta.out ,  0 , 3
proteome_18.fasta.out ,  0 , 8
proteome_19.fasta.out ,  2 , 1
proteome_20.fasta.out ,  0 , 3
proteome_21.fasta.out ,  0 , 5
proteome_22.fasta.out ,  0 , 9
proteome_23.fasta.out ,  2 , 2
proteome_24.fasta.out ,  1 , 2
proteome_25.fasta.out ,  0 , 5
proteome_26.fasta.out ,  0 , 1
proteome_27.fasta.out ,  0 , 1
proteome_28.fasta.out ,  0 , 1
proteome_29.fasta.out ,  1 , 0
proteome_30.fasta.out ,  0 , 1
proteome_31.fasta.out ,  0 , 7
proteome_32.fasta.out ,  0 , 4
proteome_33.fasta.out ,  0 , 0
proteome_34.fasta.out ,  0 , 1
proteome_35.fasta.out ,  0 , 1
proteome_36.fasta.out ,  0 , 3
proteome_37.fasta.out ,  0 , 1
proteome_38.fasta.out ,  1 , 1
proteome_39.fasta.out ,  1 , 1
proteome_40.fasta.out ,  0 , 2
proteome_41.fasta.out ,  0 , 1
proteome_42.fasta.out ,  1 , 3
proteome_43.fasta.out ,  0 , 3
proteome_44.fasta.out ,  1 , 1
proteome_45.fasta.out ,  1 , 3
proteome_46.fasta.out ,  0 , 2
proteome_47.fasta.out ,  0 , 1
proteome_48.fasta.out ,  1 , 1
proteome_49.fasta.out ,  0 , 3
proteome_50.fasta.out ,  1 , 3
proteome_search2.out.out ,  0 , 0
proteome_search.out.out ,  0 , 0
